<?xml version="1.0" encoding="UTF-8"?>
<testsuite name="com.khkim.book.spring.web.IndexControllerTest" tests="1" skipped="0" failures="0" errors="0" timestamp="2020-03-02T09:12:28" hostname="LAPTOP-4RE5CM22" time="0.311">
  <properties/>
  <testcase name="mainPageLoading" classname="com.khkim.book.spring.web.IndexControllerTest" time="0.311"/>
  <system-out><![CDATA[2020-03-02 18:12:23.190  INFO 10528 --- [    Test worker] .b.t.c.SpringBootTestContextBootstrapper : Neither @ContextConfiguration nor @ContextHierarchy found for test class [com.khkim.book.spring.web.IndexControllerTest], using SpringBootContextLoader
2020-03-02 18:12:23.192  INFO 10528 --- [    Test worker] o.s.t.c.support.AbstractContextLoader    : Could not detect default resource locations for test class [com.khkim.book.spring.web.IndexControllerTest]: no resource found for suffixes {-context.xml, Context.groovy}.
2020-03-02 18:12:23.193  INFO 10528 --- [    Test worker] t.c.s.AnnotationConfigContextLoaderUtils : Could not detect default configuration classes for test class [com.khkim.book.spring.web.IndexControllerTest]: IndexControllerTest does not declare any static, non-private, non-final, nested classes annotated with @Configuration.
2020-03-02 18:12:23.195  INFO 10528 --- [    Test worker] .b.t.c.SpringBootTestContextBootstrapper : Found @SpringBootConfiguration com.khkim.book.spring.Application for test class com.khkim.book.spring.web.IndexControllerTest
2020-03-02 18:12:23.198  INFO 10528 --- [    Test worker] .b.t.c.SpringBootTestContextBootstrapper : Loaded default TestExecutionListener class names from location [META-INF/spring.factories]: [org.springframework.security.test.context.support.WithSecurityContextTestExecutionListener, org.springframework.security.test.context.support.ReactorContextTestExecutionListener, org.springframework.boot.test.autoconfigure.restdocs.RestDocsTestExecutionListener, org.springframework.boot.test.autoconfigure.web.client.MockRestServiceServerResetTestExecutionListener, org.springframework.boot.test.autoconfigure.web.servlet.MockMvcPrintOnlyOnFailureTestExecutionListener, org.springframework.boot.test.autoconfigure.web.servlet.WebDriverTestExecutionListener, org.springframework.boot.test.mock.mockito.MockitoTestExecutionListener, org.springframework.boot.test.mock.mockito.ResetMocksTestExecutionListener, org.springframework.test.context.web.ServletTestExecutionListener, org.springframework.test.context.support.DirtiesContextBeforeModesTestExecutionListener, org.springframework.test.context.support.DependencyInjectionTestExecutionListener, org.springframework.test.context.support.DirtiesContextTestExecutionListener, org.springframework.test.context.transaction.TransactionalTestExecutionListener, org.springframework.test.context.jdbc.SqlScriptsTestExecutionListener]
2020-03-02 18:12:23.202  INFO 10528 --- [    Test worker] .b.t.c.SpringBootTestContextBootstrapper : Using TestExecutionListeners: [org.springframework.test.context.web.ServletTestExecutionListener@5924402e, org.springframework.test.context.support.DirtiesContextBeforeModesTestExecutionListener@15ff6734, org.springframework.boot.test.mock.mockito.MockitoTestExecutionListener@67bf3a78, org.springframework.boot.test.autoconfigure.SpringBootDependencyInjectionTestExecutionListener@249dc849, org.springframework.test.context.support.DirtiesContextTestExecutionListener@5fc3d9c4, org.springframework.test.context.transaction.TransactionalTestExecutionListener@31ebd3cf, org.springframework.test.context.jdbc.SqlScriptsTestExecutionListener@2f995370, org.springframework.security.test.context.support.WithSecurityContextTestExecutionListener@658c194a, org.springframework.security.test.context.support.ReactorContextTestExecutionListener@24c0e1c6, org.springframework.boot.test.autoconfigure.restdocs.RestDocsTestExecutionListener@4b5a3b3a, org.springframework.boot.test.autoconfigure.web.client.MockRestServiceServerResetTestExecutionListener@2e3df3f2, org.springframework.boot.test.autoconfigure.web.servlet.MockMvcPrintOnlyOnFailureTestExecutionListener@2b7ee936, org.springframework.boot.test.autoconfigure.web.servlet.WebDriverTestExecutionListener@893e34e, org.springframework.boot.test.mock.mockito.ResetMocksTestExecutionListener@120a9a8d]

  .   ____          _            __ _ _
 /\\ / ___'_ __ _ _(_)_ __  __ _ \ \ \ \
( ( )\___ | '_ | '_| | '_ \/ _` | \ \ \ \
 \\/  ___)| |_)| | | | | || (_| |  ) ) ) )
  '  |____| .__|_| |_|_| |_\__, | / / / /
 =========|_|==============|___/=/_/_/_/
 :: Spring Boot ::        (v2.1.9.RELEASE)

2020-03-02 18:12:23.301  INFO 10528 --- [    Test worker] c.k.book.spring.web.IndexControllerTest  : Starting IndexControllerTest on LAPTOP-4RE5CM22 with PID 10528 (started by khkim in C:\work\study\intellij\book\SpringBootWithAWS\src\project)
2020-03-02 18:12:23.302  INFO 10528 --- [    Test worker] c.k.book.spring.web.IndexControllerTest  : No active profile set, falling back to default profiles: default
2020-03-02 18:12:23.880  INFO 10528 --- [    Test worker] .s.d.r.c.RepositoryConfigurationDelegate : Bootstrapping Spring Data repositories in DEFAULT mode.
2020-03-02 18:12:23.944  INFO 10528 --- [    Test worker] .s.d.r.c.RepositoryConfigurationDelegate : Finished Spring Data repository scanning in 63ms. Found 2 repository interfaces.
2020-03-02 18:12:24.137  INFO 10528 --- [    Test worker] trationDelegate$BeanPostProcessorChecker : Bean 'org.springframework.transaction.annotation.ProxyTransactionManagementConfiguration' of type [org.springframework.transaction.annotation.ProxyTransactionManagementConfiguration$$EnhancerBySpringCGLIB$$e520c754] is not eligible for getting processed by all BeanPostProcessors (for example: not eligible for auto-proxying)
2020-03-02 18:12:24.720  INFO 10528 --- [    Test worker] o.s.b.w.embedded.tomcat.TomcatWebServer  : Tomcat initialized with port(s): 0 (http)
2020-03-02 18:12:24.789  INFO 10528 --- [    Test worker] o.apache.catalina.core.StandardService   : Starting service [Tomcat]
2020-03-02 18:12:24.790  INFO 10528 --- [    Test worker] org.apache.catalina.core.StandardEngine  : Starting Servlet engine: [Apache Tomcat/9.0.26]
2020-03-02 18:12:25.197  INFO 10528 --- [    Test worker] o.a.c.c.C.[Tomcat].[localhost].[/]       : Initializing Spring embedded WebApplicationContext
2020-03-02 18:12:25.197  INFO 10528 --- [    Test worker] o.s.web.context.ContextLoader            : Root WebApplicationContext: initialization completed in 1885 ms
2020-03-02 18:12:25.845  INFO 10528 --- [    Test worker] com.zaxxer.hikari.HikariDataSource       : HikariPool-2 - Starting...
2020-03-02 18:12:25.847  INFO 10528 --- [    Test worker] com.zaxxer.hikari.HikariDataSource       : HikariPool-2 - Start completed.
2020-03-02 18:12:26.047  INFO 10528 --- [    Test worker] o.hibernate.jpa.internal.util.LogHelper  : HHH000204: Processing PersistenceUnitInfo [
	name: default
	...]
2020-03-02 18:12:26.084  INFO 10528 --- [    Test worker] org.hibernate.dialect.Dialect            : HHH000400: Using dialect: org.hibernate.dialect.MySQL5InnoDBDialect
Hibernate: drop table if exists posts
Hibernate: drop table if exists user
Hibernate: create table posts (id bigint not null auto_increment, created_date datetime, modified_date datetime, author varchar(255), content TEXT not null, title varchar(500) not null, primary key (id)) engine=InnoDB
Hibernate: create table user (id bigint not null auto_increment, email varchar(255) not null, name varchar(255) not null, picture varchar(255), role varchar(255) not null, primary key (id)) engine=InnoDB
2020-03-02 18:12:26.246  INFO 10528 --- [    Test worker] o.h.t.schema.internal.SchemaCreatorImpl  : HHH000476: Executing import script 'org.hibernate.tool.schema.internal.exec.ScriptSourceInputNonExistentImpl@123cb080'
2020-03-02 18:12:26.247  INFO 10528 --- [    Test worker] j.LocalContainerEntityManagerFactoryBean : Initialized JPA EntityManagerFactory for persistence unit 'default'
2020-03-02 18:12:27.044  INFO 10528 --- [    Test worker] o.h.h.i.QueryTranslatorFactoryInitiator  : HHH000397: Using ASTQueryTranslatorFactory
2020-03-02 18:12:27.317  INFO 10528 --- [    Test worker] o.s.s.web.DefaultSecurityFilterChain     : Creating filter chain: any request, [org.springframework.security.web.context.request.async.WebAsyncManagerIntegrationFilter@3c049d58, org.springframework.security.web.context.SecurityContextPersistenceFilter@22e98870, org.springframework.security.web.header.HeaderWriterFilter@481edb15, org.springframework.security.web.authentication.logout.LogoutFilter@2d8599c2, org.springframework.security.oauth2.client.web.OAuth2AuthorizationRequestRedirectFilter@5b64a6b5, org.springframework.security.oauth2.client.web.OAuth2LoginAuthenticationFilter@61561f13, org.springframework.security.web.authentication.ui.DefaultLoginPageGeneratingFilter@43c133c2, org.springframework.security.web.authentication.ui.DefaultLogoutPageGeneratingFilter@39fc40f4, org.springframework.security.web.savedrequest.RequestCacheAwareFilter@3374e26b, org.springframework.security.web.servletapi.SecurityContextHolderAwareRequestFilter@d8c4163, org.springframework.security.web.authentication.AnonymousAuthenticationFilter@47d31870, org.springframework.security.web.session.SessionManagementFilter@6d8460f0, org.springframework.security.web.access.ExceptionTranslationFilter@5b1952b4, org.springframework.security.web.access.intercept.FilterSecurityInterceptor@e016f9b]
2020-03-02 18:12:27.643  INFO 10528 --- [    Test worker] o.s.s.concurrent.ThreadPoolTaskExecutor  : Initializing ExecutorService 'applicationTaskExecutor'
2020-03-02 18:12:27.665  WARN 10528 --- [    Test worker] aWebConfiguration$JpaWebMvcConfiguration : spring.jpa.open-in-view is enabled by default. Therefore, database queries may be performed during view rendering. Explicitly configure spring.jpa.open-in-view to disable this warning
2020-03-02 18:12:27.709  INFO 10528 --- [    Test worker] o.s.b.a.w.s.WelcomePageHandlerMapping    : Adding welcome page template: index
2020-03-02 18:12:28.171  INFO 10528 --- [    Test worker] s.a.ScheduledAnnotationBeanPostProcessor : No TaskScheduler/ScheduledExecutorService bean found for scheduled processing
2020-03-02 18:12:28.200  INFO 10528 --- [    Test worker] o.s.b.w.embedded.tomcat.TomcatWebServer  : Tomcat started on port(s): 6954 (http) with context path ''
2020-03-02 18:12:28.202  INFO 10528 --- [    Test worker] c.k.book.spring.web.IndexControllerTest  : Started IndexControllerTest in 4.994 seconds (JVM running for 17.337)
2020-03-02 18:12:28.345  INFO 10528 --- [o-auto-1-exec-2] o.a.c.c.C.[Tomcat].[localhost].[/]       : Initializing Spring DispatcherServlet 'dispatcherServlet'
2020-03-02 18:12:28.345  INFO 10528 --- [o-auto-1-exec-2] o.s.web.servlet.DispatcherServlet        : Initializing Servlet 'dispatcherServlet'
2020-03-02 18:12:28.379  INFO 10528 --- [o-auto-1-exec-2] o.s.web.servlet.DispatcherServlet        : Completed initialization in 33 ms
Hibernate: select posts0_.id as id1_0_, posts0_.created_date as created_2_0_, posts0_.modified_date as modified3_0_, posts0_.author as author4_0_, posts0_.content as content5_0_, posts0_.title as title6_0_ from posts posts0_ order by posts0_.id DESC
]]></system-out>
  <system-err><![CDATA[]]></system-err>
</testsuite>
