<?xml version="1.0" encoding="UTF-8"?>
<testsuite name="com.khkim.book.spring.web.dto.HelloResponseDtoTest" tests="1" skipped="0" failures="0" errors="0" timestamp="2020-03-02T09:12:21" hostname="LAPTOP-4RE5CM22" time="0.007">
  <properties/>
  <testcase name="lombokFunctionTest" classname="com.khkim.book.spring.web.dto.HelloResponseDtoTest" time="0.007"/>
  <system-out><![CDATA[]]></system-out>
  <system-err><![CDATA[]]></system-err>
</testsuite>
