<?xml version="1.0" encoding="UTF-8"?>
<testsuite name="com.khkim.book.spring.web.PostsApiControllerTest" tests="2" skipped="0" failures="0" errors="0" timestamp="2020-03-02T09:12:28" hostname="LAPTOP-4RE5CM22" time="0.171">
  <properties/>
  <testcase name="PostsInsert" classname="com.khkim.book.spring.web.PostsApiControllerTest" time="0.104"/>
  <testcase name="PostsUpdate" classname="com.khkim.book.spring.web.PostsApiControllerTest" time="0.065"/>
  <system-out><![CDATA[2020-03-02 18:12:28.525  INFO 10528 --- [    Test worker] .b.t.c.SpringBootTestContextBootstrapper : Neither @ContextConfiguration nor @ContextHierarchy found for test class [com.khkim.book.spring.web.PostsApiControllerTest], using SpringBootContextLoader
2020-03-02 18:12:28.527  INFO 10528 --- [    Test worker] o.s.t.c.support.AbstractContextLoader    : Could not detect default resource locations for test class [com.khkim.book.spring.web.PostsApiControllerTest]: no resource found for suffixes {-context.xml, Context.groovy}.
2020-03-02 18:12:28.528  INFO 10528 --- [    Test worker] t.c.s.AnnotationConfigContextLoaderUtils : Could not detect default configuration classes for test class [com.khkim.book.spring.web.PostsApiControllerTest]: PostsApiControllerTest does not declare any static, non-private, non-final, nested classes annotated with @Configuration.
2020-03-02 18:12:28.531  INFO 10528 --- [    Test worker] .b.t.c.SpringBootTestContextBootstrapper : Found @SpringBootConfiguration com.khkim.book.spring.Application for test class com.khkim.book.spring.web.PostsApiControllerTest
2020-03-02 18:12:28.534  INFO 10528 --- [    Test worker] .b.t.c.SpringBootTestContextBootstrapper : Loaded default TestExecutionListener class names from location [META-INF/spring.factories]: [org.springframework.security.test.context.support.WithSecurityContextTestExecutionListener, org.springframework.security.test.context.support.ReactorContextTestExecutionListener, org.springframework.boot.test.autoconfigure.restdocs.RestDocsTestExecutionListener, org.springframework.boot.test.autoconfigure.web.client.MockRestServiceServerResetTestExecutionListener, org.springframework.boot.test.autoconfigure.web.servlet.MockMvcPrintOnlyOnFailureTestExecutionListener, org.springframework.boot.test.autoconfigure.web.servlet.WebDriverTestExecutionListener, org.springframework.boot.test.mock.mockito.MockitoTestExecutionListener, org.springframework.boot.test.mock.mockito.ResetMocksTestExecutionListener, org.springframework.test.context.web.ServletTestExecutionListener, org.springframework.test.context.support.DirtiesContextBeforeModesTestExecutionListener, org.springframework.test.context.support.DependencyInjectionTestExecutionListener, org.springframework.test.context.support.DirtiesContextTestExecutionListener, org.springframework.test.context.transaction.TransactionalTestExecutionListener, org.springframework.test.context.jdbc.SqlScriptsTestExecutionListener]
2020-03-02 18:12:28.536  INFO 10528 --- [    Test worker] .b.t.c.SpringBootTestContextBootstrapper : Using TestExecutionListeners: [org.springframework.test.context.web.ServletTestExecutionListener@7e1eb70c, org.springframework.test.context.support.DirtiesContextBeforeModesTestExecutionListener@1eb492d9, org.springframework.boot.test.mock.mockito.MockitoTestExecutionListener@34ad1ac7, org.springframework.boot.test.autoconfigure.SpringBootDependencyInjectionTestExecutionListener@be4f77f, org.springframework.test.context.support.DirtiesContextTestExecutionListener@c987d8, org.springframework.test.context.transaction.TransactionalTestExecutionListener@3a51ef42, org.springframework.test.context.jdbc.SqlScriptsTestExecutionListener@66f6b1ed, org.springframework.security.test.context.support.WithSecurityContextTestExecutionListener@4a85fd43, org.springframework.security.test.context.support.ReactorContextTestExecutionListener@6be548c, org.springframework.boot.test.autoconfigure.restdocs.RestDocsTestExecutionListener@332080e6, org.springframework.boot.test.autoconfigure.web.client.MockRestServiceServerResetTestExecutionListener@600a36b6, org.springframework.boot.test.autoconfigure.web.servlet.MockMvcPrintOnlyOnFailureTestExecutionListener@580a011, org.springframework.boot.test.autoconfigure.web.servlet.WebDriverTestExecutionListener@716e8e19, org.springframework.boot.test.mock.mockito.ResetMocksTestExecutionListener@46fe0762]
2020-03-02 18:12:28.552  INFO 10528 --- [    Test worker] o.a.c.c.C.[Tomcat].[localhost].[/]       : Initializing Spring TestDispatcherServlet ''
2020-03-02 18:12:28.553  INFO 10528 --- [    Test worker] o.s.t.web.servlet.TestDispatcherServlet  : Initializing Servlet ''
2020-03-02 18:12:28.558  INFO 10528 --- [    Test worker] o.s.t.web.servlet.TestDispatcherServlet  : Completed initialization in 5 ms
Hibernate: insert into posts (created_date, modified_date, author, content, title) values (?, ?, ?, ?, ?)
Hibernate: select posts0_.id as id1_0_, posts0_.created_date as created_2_0_, posts0_.modified_date as modified3_0_, posts0_.author as author4_0_, posts0_.content as content5_0_, posts0_.title as title6_0_ from posts posts0_
Hibernate: select posts0_.id as id1_0_, posts0_.created_date as created_2_0_, posts0_.modified_date as modified3_0_, posts0_.author as author4_0_, posts0_.content as content5_0_, posts0_.title as title6_0_ from posts posts0_
Hibernate: delete from posts where id=?
2020-03-02 18:12:28.652  INFO 10528 --- [    Test worker] o.a.c.c.C.[Tomcat].[localhost].[/]       : Initializing Spring TestDispatcherServlet ''
2020-03-02 18:12:28.652  INFO 10528 --- [    Test worker] o.s.t.web.servlet.TestDispatcherServlet  : Initializing Servlet ''
2020-03-02 18:12:28.657  INFO 10528 --- [    Test worker] o.s.t.web.servlet.TestDispatcherServlet  : Completed initialization in 5 ms
Hibernate: insert into posts (created_date, modified_date, author, content, title) values (?, ?, ?, ?, ?)
Hibernate: select posts0_.id as id1_0_0_, posts0_.created_date as created_2_0_0_, posts0_.modified_date as modified3_0_0_, posts0_.author as author4_0_0_, posts0_.content as content5_0_0_, posts0_.title as title6_0_0_ from posts posts0_ where posts0_.id=?
Hibernate: update posts set created_date=?, modified_date=?, author=?, content=?, title=? where id=?
Hibernate: select posts0_.id as id1_0_, posts0_.created_date as created_2_0_, posts0_.modified_date as modified3_0_, posts0_.author as author4_0_, posts0_.content as content5_0_, posts0_.title as title6_0_ from posts posts0_
Hibernate: select posts0_.id as id1_0_, posts0_.created_date as created_2_0_, posts0_.modified_date as modified3_0_, posts0_.author as author4_0_, posts0_.content as content5_0_, posts0_.title as title6_0_ from posts posts0_
Hibernate: delete from posts where id=?
]]></system-out>
  <system-err><![CDATA[]]></system-err>
</testsuite>
