<?xml version="1.0" encoding="UTF-8"?>
<testsuite name="com.khkim.book.spring.web.HelloControllerTest" tests="2" skipped="0" failures="0" errors="0" timestamp="2020-03-02T09:12:22" hostname="LAPTOP-4RE5CM22" time="0.227">
  <properties/>
  <testcase name="helloDtoReturn" classname="com.khkim.book.spring.web.HelloControllerTest" time="0.211"/>
  <testcase name="helloIsReturn" classname="com.khkim.book.spring.web.HelloControllerTest" time="0.015"/>
  <system-out><![CDATA[2020-03-02 18:12:21.169  INFO 10528 --- [    Test worker] .b.t.a.w.s.WebMvcTestContextBootstrapper : Neither @ContextConfiguration nor @ContextHierarchy found for test class [com.khkim.book.spring.web.HelloControllerTest], using SpringBootContextLoader
2020-03-02 18:12:21.171  INFO 10528 --- [    Test worker] o.s.t.c.support.AbstractContextLoader    : Could not detect default resource locations for test class [com.khkim.book.spring.web.HelloControllerTest]: no resource found for suffixes {-context.xml, Context.groovy}.
2020-03-02 18:12:21.172  INFO 10528 --- [    Test worker] t.c.s.AnnotationConfigContextLoaderUtils : Could not detect default configuration classes for test class [com.khkim.book.spring.web.HelloControllerTest]: HelloControllerTest does not declare any static, non-private, non-final, nested classes annotated with @Configuration.
2020-03-02 18:12:21.278  INFO 10528 --- [    Test worker] .b.t.c.SpringBootTestContextBootstrapper : Found @SpringBootConfiguration com.khkim.book.spring.Application for test class com.khkim.book.spring.web.HelloControllerTest
2020-03-02 18:12:21.279  INFO 10528 --- [    Test worker] .b.t.a.w.s.WebMvcTestContextBootstrapper : Loaded default TestExecutionListener class names from location [META-INF/spring.factories]: [org.springframework.security.test.context.support.WithSecurityContextTestExecutionListener, org.springframework.security.test.context.support.ReactorContextTestExecutionListener, org.springframework.boot.test.autoconfigure.restdocs.RestDocsTestExecutionListener, org.springframework.boot.test.autoconfigure.web.client.MockRestServiceServerResetTestExecutionListener, org.springframework.boot.test.autoconfigure.web.servlet.MockMvcPrintOnlyOnFailureTestExecutionListener, org.springframework.boot.test.autoconfigure.web.servlet.WebDriverTestExecutionListener, org.springframework.boot.test.mock.mockito.MockitoTestExecutionListener, org.springframework.boot.test.mock.mockito.ResetMocksTestExecutionListener, org.springframework.test.context.web.ServletTestExecutionListener, org.springframework.test.context.support.DirtiesContextBeforeModesTestExecutionListener, org.springframework.test.context.support.DependencyInjectionTestExecutionListener, org.springframework.test.context.support.DirtiesContextTestExecutionListener, org.springframework.test.context.transaction.TransactionalTestExecutionListener, org.springframework.test.context.jdbc.SqlScriptsTestExecutionListener]
2020-03-02 18:12:21.282  INFO 10528 --- [    Test worker] .b.t.a.w.s.WebMvcTestContextBootstrapper : Using TestExecutionListeners: [org.springframework.test.context.web.ServletTestExecutionListener@597b1e26, org.springframework.test.context.support.DirtiesContextBeforeModesTestExecutionListener@3a81cd9e, org.springframework.boot.test.mock.mockito.MockitoTestExecutionListener@174c381, org.springframework.boot.test.autoconfigure.SpringBootDependencyInjectionTestExecutionListener@574d6653, org.springframework.test.context.support.DirtiesContextTestExecutionListener@5646c8b2, org.springframework.test.context.transaction.TransactionalTestExecutionListener@621f02d9, org.springframework.test.context.jdbc.SqlScriptsTestExecutionListener@4550add0, org.springframework.security.test.context.support.WithSecurityContextTestExecutionListener@791324d7, org.springframework.security.test.context.support.ReactorContextTestExecutionListener@19f0701f, org.springframework.boot.test.autoconfigure.restdocs.RestDocsTestExecutionListener@363a032, org.springframework.boot.test.autoconfigure.web.client.MockRestServiceServerResetTestExecutionListener@439db3a3, org.springframework.boot.test.autoconfigure.web.servlet.MockMvcPrintOnlyOnFailureTestExecutionListener@2348029b, org.springframework.boot.test.autoconfigure.web.servlet.WebDriverTestExecutionListener@3922fe65, org.springframework.boot.test.mock.mockito.ResetMocksTestExecutionListener@275eab43]

  .   ____          _            __ _ _
 /\\ / ___'_ __ _ _(_)_ __  __ _ \ \ \ \
( ( )\___ | '_ | '_| | '_ \/ _` | \ \ \ \
 \\/  ___)| |_)| | | | | || (_| |  ) ) ) )
  '  |____| .__|_| |_|_| |_\__, | / / / /
 =========|_|==============|___/=/_/_/_/
 :: Spring Boot ::        (v2.1.9.RELEASE)

2020-03-02 18:12:21.401  INFO 10528 --- [    Test worker] c.k.book.spring.web.HelloControllerTest  : Starting HelloControllerTest on LAPTOP-4RE5CM22 with PID 10528 (started by khkim in C:\work\study\intellij\book\SpringBootWithAWS\src\project)
2020-03-02 18:12:21.403  INFO 10528 --- [    Test worker] c.k.book.spring.web.HelloControllerTest  : No active profile set, falling back to default profiles: default
2020-03-02 18:12:22.205  INFO 10528 --- [    Test worker] o.s.s.concurrent.ThreadPoolTaskExecutor  : Initializing ExecutorService 'applicationTaskExecutor'
2020-03-02 18:12:22.271  INFO 10528 --- [    Test worker] o.s.b.a.w.s.WelcomePageHandlerMapping    : Adding welcome page template: index
2020-03-02 18:12:22.630  INFO 10528 --- [    Test worker] .s.s.UserDetailsServiceAutoConfiguration : 

Using generated security password: bce4308a-dbee-4ce2-8b24-007f9b5cdd5d

2020-03-02 18:12:22.834  INFO 10528 --- [    Test worker] o.s.s.web.DefaultSecurityFilterChain     : Creating filter chain: any request, [org.springframework.security.web.context.request.async.WebAsyncManagerIntegrationFilter@613b435c, org.springframework.security.web.context.SecurityContextPersistenceFilter@2d35fc57, org.springframework.security.web.header.HeaderWriterFilter@70821a4, org.springframework.security.web.csrf.CsrfFilter@38efe43e, org.springframework.security.web.authentication.logout.LogoutFilter@1a88a44a, org.springframework.security.web.authentication.UsernamePasswordAuthenticationFilter@3c56e162, org.springframework.security.web.authentication.ui.DefaultLoginPageGeneratingFilter@46aace7a, org.springframework.security.web.authentication.ui.DefaultLogoutPageGeneratingFilter@79a39f05, org.springframework.security.web.authentication.www.BasicAuthenticationFilter@1e571e0d, org.springframework.security.web.savedrequest.RequestCacheAwareFilter@4ffc9bfb, org.springframework.security.web.servletapi.SecurityContextHolderAwareRequestFilter@9bf96a1, org.springframework.security.web.authentication.AnonymousAuthenticationFilter@5fa2514a, org.springframework.security.web.session.SessionManagementFilter@4001fb6f, org.springframework.security.web.access.ExceptionTranslationFilter@4c25d1c3, org.springframework.security.web.access.intercept.FilterSecurityInterceptor@3d15bc27]
2020-03-02 18:12:22.886  INFO 10528 --- [    Test worker] o.s.b.t.m.w.SpringBootMockServletContext : Initializing Spring TestDispatcherServlet ''
2020-03-02 18:12:22.886  INFO 10528 --- [    Test worker] o.s.t.web.servlet.TestDispatcherServlet  : Initializing Servlet ''
2020-03-02 18:12:22.910  INFO 10528 --- [    Test worker] o.s.t.web.servlet.TestDispatcherServlet  : Completed initialization in 24 ms
2020-03-02 18:12:22.951  INFO 10528 --- [    Test worker] c.k.book.spring.web.HelloControllerTest  : Started HelloControllerTest in 1.663 seconds (JVM running for 12.087)
]]></system-out>
  <system-err><![CDATA[]]></system-err>
</testsuite>
